<?xml version="1.0" encoding="UTF-8"?>
<testng-results skipped="0" failed="0" total="19" passed="19">
  <reporter-output>
  </reporter-output>
  <suite name="Automation testing" duration-ms="320542" started-at="2017-04-09T13:54:42Z" finished-at="2017-04-09T14:00:02Z">
    <groups>
      <group name="Priority1">
        <method signature="PackTwo.Annotations.FlightBooking()" name="FlightBooking" class="PackTwo.Annotations"/>
      </group>
      <group name="Priority2">
        <method signature="PackTwo.Annotations.FlightCancel()" name="FlightCancel" class="PackTwo.Annotations"/>
      </group>
    </groups>
    <test name="Smoke test cases" duration-ms="320542" started-at="2017-04-09T13:54:42Z" finished-at="2017-04-09T14:00:02Z">
      <class name="PackTwo.Annotations">
        <test-method status="PASS" signature="Cookies()" name="Cookies" is-config="true" duration-ms="0" started-at="2017-04-09T13:54:42Z" finished-at="2017-04-09T13:54:42Z">
        </test-method>
        <test-method status="PASS" signature="Cookies()" name="Cookies" is-config="true" duration-ms="0" started-at="2017-04-09T13:54:42Z" finished-at="2017-04-09T13:54:42Z">
        </test-method>
        <test-method status="PASS" signature="AOpeningBrowser()" name="AOpeningBrowser" duration-ms="0" started-at="2017-04-09T13:56:32Z" finished-at="2017-04-09T13:56:32Z">
        </test-method>
        <test-method status="PASS" signature="UseridGeneration()" name="UseridGeneration" is-config="true" duration-ms="0" started-at="2017-04-09T13:56:32Z" finished-at="2017-04-09T13:56:32Z">
        </test-method>
        <test-method status="PASS" signature="FlightBooking()" name="FlightBooking" duration-ms="0" started-at="2017-04-09T13:56:32Z" finished-at="2017-04-09T13:56:32Z">
        </test-method>
        <test-method status="PASS" signature="BrowserClose()" name="BrowserClose" is-config="true" duration-ms="0" started-at="2017-04-09T13:56:32Z" finished-at="2017-04-09T13:56:32Z">
        </test-method>
        <test-method status="PASS" signature="UseridGeneration()" name="UseridGeneration" is-config="true" duration-ms="0" started-at="2017-04-09T13:56:32Z" finished-at="2017-04-09T13:56:32Z">
        </test-method>
        <test-method status="PASS" signature="BrowserClose()" name="BrowserClose" is-config="true" duration-ms="0" started-at="2017-04-09T13:56:32Z" finished-at="2017-04-09T13:56:32Z">
        </test-method>
        <test-method status="PASS" signature="BrowserClose()" name="BrowserClose" is-config="true" duration-ms="0" started-at="2017-04-09T13:56:32Z" finished-at="2017-04-09T13:56:32Z">
        </test-method>
        <test-method status="PASS" signature="FlightCancel()" name="FlightCancel" duration-ms="0" started-at="2017-04-09T13:56:32Z" finished-at="2017-04-09T13:56:32Z">
        </test-method>
        <test-method status="PASS" signature="UseridGeneration()" name="UseridGeneration" is-config="true" duration-ms="0" started-at="2017-04-09T13:56:32Z" finished-at="2017-04-09T13:56:32Z">
        </test-method>
        <test-method status="PASS" signature="CookiesClose()" name="CookiesClose" is-config="true" duration-ms="0" started-at="2017-04-09T14:00:02Z" finished-at="2017-04-09T14:00:02Z">
        </test-method>
        <test-method status="PASS" signature="CookiesClose()" name="CookiesClose" is-config="true" duration-ms="0" started-at="2017-04-09T14:00:02Z" finished-at="2017-04-09T14:00:02Z">
        </test-method>
      </class>
      <class name="PackTwo.TestBaseClass">
        <test-method status="PASS" signature="Login()" name="Login" duration-ms="99444" started-at="2017-04-09T13:58:23Z" finished-at="2017-04-09T14:00:02Z">
        </test-method>
      </class>
      <class name="testngFiles2.DependencyAnnot">
        <test-method status="PASS" signature="OpeningBrowser()" name="OpeningBrowser" duration-ms="0" started-at="2017-04-09T13:56:32Z" finished-at="2017-04-09T13:56:32Z">
        </test-method>
        <test-method status="PASS" signature="FlightBooking()" name="FlightBooking" duration-ms="0" started-at="2017-04-09T13:56:32Z" depends-on-methods="testngFiles2.DependencyAnnot.OpeningBrowser" finished-at="2017-04-09T13:56:32Z">
        </test-method>
        <test-method status="PASS" signature="LogiPage()" name="LogiPage" duration-ms="0" started-at="2017-04-09T14:00:02Z" finished-at="2017-04-09T14:00:02Z">
        </test-method>
        <test-method status="PASS" signature="CreditCardPayment()" name="CreditCardPayment" duration-ms="0" started-at="2017-04-09T14:00:02Z" finished-at="2017-04-09T14:00:02Z">
        </test-method>
        <test-method status="PASS" signature="HomePage()" name="HomePage" duration-ms="0" started-at="2017-04-09T14:00:02Z" finished-at="2017-04-09T14:00:02Z">
        </test-method>
      </class>
      <class name="PackTwo.Annot2">
        <test-method status="PASS" signature="installSoftware()" name="installSoftware" is-config="true" duration-ms="0" started-at="2017-04-09T13:54:42Z" finished-at="2017-04-09T13:54:42Z">
        </test-method>
        <test-method status="PASS" signature="installSoftware()" name="installSoftware" is-config="true" duration-ms="0" started-at="2017-04-09T13:54:42Z" finished-at="2017-04-09T13:54:42Z">
        </test-method>
        <test-method status="PASS" signature="deinstallSoftware()" name="deinstallSoftware" is-config="true" duration-ms="0" started-at="2017-04-09T14:00:03Z" finished-at="2017-04-09T14:00:03Z">
        </test-method>
        <test-method status="PASS" signature="deinstallSoftware()" name="deinstallSoftware" is-config="true" duration-ms="0" started-at="2017-04-09T14:00:03Z" finished-at="2017-04-09T14:00:03Z">
        </test-method>
        <test-method status="PASS" signature="deinstallSoftware()" name="deinstallSoftware" is-config="true" duration-ms="0" started-at="2017-04-09T14:00:03Z" finished-at="2017-04-09T14:00:03Z">
        </test-method>
      </class>
      <class name="testngFiles2.Annot2">
        <test-method status="PASS" signature="NewTestForJenkin()" name="NewTestForJenkin" duration-ms="0" started-at="2017-04-09T14:00:02Z" finished-at="2017-04-09T14:00:02Z">
        </test-method>
        <test-method status="PASS" signature="CodechangecheckJenkin()" name="CodechangecheckJenkin" duration-ms="0" started-at="2017-04-09T14:00:02Z" finished-at="2017-04-09T14:00:02Z">
        </test-method>
      </class>
      <class name="testngFiles2.Annotations">
        <test-method status="PASS" signature="AOpeningBrowser()" name="AOpeningBrowser" duration-ms="0" started-at="2017-04-09T14:00:02Z" finished-at="2017-04-09T14:00:02Z">
        </test-method>
        <test-method status="PASS" signature="BrowserClose()" name="BrowserClose" is-config="true" duration-ms="0" started-at="2017-04-09T14:00:02Z" finished-at="2017-04-09T14:00:02Z">
        </test-method>
        <test-method status="PASS" signature="UseridGeneration()" name="UseridGeneration" is-config="true" duration-ms="0" started-at="2017-04-09T14:00:02Z" finished-at="2017-04-09T14:00:02Z">
        </test-method>
        <test-method status="PASS" signature="UseridGeneration()" name="UseridGeneration" is-config="true" duration-ms="0" started-at="2017-04-09T14:00:02Z" finished-at="2017-04-09T14:00:02Z">
        </test-method>
        <test-method status="PASS" signature="FlightBooking()" name="FlightBooking" duration-ms="16" started-at="2017-04-09T14:00:02Z" finished-at="2017-04-09T14:00:02Z">
        </test-method>
        <test-method status="PASS" signature="BrowserClose()" name="BrowserClose" is-config="true" duration-ms="0" started-at="2017-04-09T14:00:02Z" finished-at="2017-04-09T14:00:02Z">
        </test-method>
      </class>
      <class name="PackTwo.DependencyAnnot">
        <test-method status="PASS" signature="OpeningBrowser()" name="OpeningBrowser" duration-ms="110478" started-at="2017-04-09T13:54:42Z" finished-at="2017-04-09T13:56:32Z">
        </test-method>
        <test-method status="PASS" signature="FlightBooking()" name="FlightBooking" duration-ms="0" started-at="2017-04-09T13:56:32Z" depends-on-methods="PackTwo.DependencyAnnot.OpeningBrowser" finished-at="2017-04-09T13:56:32Z">
        </test-method>
        <test-method status="PASS" signature="CreditCardPayment()" name="CreditCardPayment" duration-ms="16" started-at="2017-04-09T13:56:32Z" finished-at="2017-04-09T13:56:32Z">
        </test-method>
        <test-method status="PASS" signature="LogiPage()" name="LogiPage" duration-ms="0" started-at="2017-04-09T13:56:32Z" finished-at="2017-04-09T13:56:32Z">
        </test-method>
        <test-method status="PASS" signature="Login()" name="Login" duration-ms="110542" started-at="2017-04-09T13:56:32Z" finished-at="2017-04-09T13:58:23Z">
        </test-method>
        <test-method status="PASS" signature="HomePage()" name="HomePage" duration-ms="0" started-at="2017-04-09T14:00:02Z" finished-at="2017-04-09T14:00:02Z">
        </test-method>
      </class>
    </test>
  </suite>
</testng-results>
